8336
8380
8477
8480
8962
0
0
9034
0
9050
9075
9112
9154
9309
9672
10062
10441
10794
11146
11524
11905
12275
12660
13047
13414
13778
14172
14530
14877
15237
15581
15938
16281
16641
16997
17340
17685
18018
18379
18724
19056
19393
19719
20064
20387
20720
21009
21325
21633
21972
22280
22598
22914
23222
23525
23824
24126
24393
24649
24928
25183
25458
25712
26003
26262
26555
26858
27188
27495
27830
28148
28468
28766
29103
29424
29727
30042
30344
30644
30955
31236
31536
31830
32130
32448
32694
33006
33321
33605
33917
34260
34644
35013
35412
35755
36105
36504
36884
37263
37633
38026
38414
38806
39197
39543
39847
40207
40546
40875
41187
41505
41834
42162
42544
42877
43214
43554
43908
44261
44590
44906
45242
45576
45873
46157
46452
46749
47059
47343
47626
47915
48192
48488
48805
49092
49425
49737
50016
50325
50619
50914
50952
50952
50952
50952
51209
51512
51794
52074
52344
52622
52866
53095
53385
53697
54023
54338
54632
54911
55200
55509
55790
56074
56378
56711
57020
57355
57716
58047
58348
58629
58937
59256
